<?xml version="1.0" encoding="UTF-8"?>
<!-- Generated by org.testng.reporters.JUnitXMLReporter -->
<testsuite hostname="SELVAGANAPATHI" name="Test" tests="14" failures="0" timestamp="6 Sep 2020 12:31:03 GMT" time="211.919" errors="0">
  <testcase name="test_one" time="10.351" classname="zaiservepackage.Logintest"/>
  <testcase name="test_userid_password" time="1.635" classname="zaiservepackage.Logintest"/>
  <testcase name="test_three" time="2.774" classname="zaiservepackage.Logintest"/>
  <testcase name="test_four" time="1.219" classname="zaiservepackage.Logintest"/>
  <testcase name="test_five" time="0.341" classname="zaiservepackage.Logintest"/>
  <testcase name="test_six" time="0.371" classname="zaiservepackage.Logintest"/>
  <testcase name="test_eighta" time="0.034" classname="zaiservepackage.Logintest"/>
  <testcase name="test_seven" time="0.355" classname="zaiservepackage.Logintest"/>
  <testcase name="test_eight" time="0.035" classname="zaiservepackage.Logintest"/>
  <testcase name="test_nine" time="0.034" classname="zaiservepackage.Logintest"/>
  <testcase name="test_ten" time="0.053" classname="zaiservepackage.Logintest"/>
  <testcase name="test_eleven" time="0.054" classname="zaiservepackage.Logintest"/>
  <testcase name="test_tweleve" time="0.0" classname="zaiservepackage.Logintest"/>
  <testcase name="test_thirteen" time="0.046" classname="zaiservepackage.Logintest"/>
</testsuite> <!-- Test -->
