<?xml version="1.0" encoding="UTF-8"?>
<testng-results skipped="0" failed="0" total="14" passed="14">
  <reporter-output>
  </reporter-output>
  <suite name="Suite" duration-ms="211919" started-at="2020-09-06T12:27:31Z" finished-at="2020-09-06T12:31:03Z">
    <groups>
    </groups>
    <test name="Test" duration-ms="211919" started-at="2020-09-06T12:27:31Z" finished-at="2020-09-06T12:31:03Z">
      <class name="zaiservepackage.Logintest">
        <test-method status="PASS" signature="setup()[pri:0, instance:zaiservepackage.Logintest@401e7803]" name="setup" is-config="true" duration-ms="25448" started-at="2020-09-06T17:57:31Z" finished-at="2020-09-06T17:57:57Z">
          <reporter-output>
          </reporter-output>
        </test-method> <!-- setup -->
        <test-method status="PASS" signature="test_one()[pri:0, instance:zaiservepackage.Logintest@401e7803]" name="test_one" duration-ms="10351" started-at="2020-09-06T17:57:57Z" finished-at="2020-09-06T17:58:07Z">
          <reporter-output>
          </reporter-output>
        </test-method> <!-- test_one -->
        <test-method status="PASS" signature="tearDown()[pri:0, instance:zaiservepackage.Logintest@401e7803]" name="tearDown" is-config="true" duration-ms="1432" started-at="2020-09-06T17:58:07Z" finished-at="2020-09-06T17:58:09Z">
          <reporter-output>
          </reporter-output>
        </test-method> <!-- tearDown -->
        <test-method status="PASS" signature="setup()[pri:0, instance:zaiservepackage.Logintest@401e7803]" name="setup" is-config="true" duration-ms="7938" started-at="2020-09-06T17:58:09Z" finished-at="2020-09-06T17:58:17Z">
          <reporter-output>
          </reporter-output>
        </test-method> <!-- setup -->
        <test-method status="PASS" signature="test_userid_password()[pri:0, instance:zaiservepackage.Logintest@401e7803]" name="test_userid_password" duration-ms="1635" started-at="2020-09-06T17:58:17Z" finished-at="2020-09-06T17:58:18Z">
          <reporter-output>
          </reporter-output>
        </test-method> <!-- test_userid_password -->
        <test-method status="PASS" signature="tearDown()[pri:0, instance:zaiservepackage.Logintest@401e7803]" name="tearDown" is-config="true" duration-ms="163" started-at="2020-09-06T17:58:18Z" finished-at="2020-09-06T17:58:18Z">
          <reporter-output>
          </reporter-output>
        </test-method> <!-- tearDown -->
        <test-method status="PASS" signature="setup()[pri:0, instance:zaiservepackage.Logintest@401e7803]" name="setup" is-config="true" duration-ms="9284" started-at="2020-09-06T17:58:18Z" finished-at="2020-09-06T17:58:28Z">
          <reporter-output>
          </reporter-output>
        </test-method> <!-- setup -->
        <test-method status="PASS" signature="test_three()[pri:0, instance:zaiservepackage.Logintest@401e7803]" name="test_three" duration-ms="2774" started-at="2020-09-06T17:58:28Z" finished-at="2020-09-06T17:58:30Z">
          <reporter-output>
          </reporter-output>
        </test-method> <!-- test_three -->
        <test-method status="PASS" signature="tearDown()[pri:0, instance:zaiservepackage.Logintest@401e7803]" name="tearDown" is-config="true" duration-ms="397" started-at="2020-09-06T17:58:31Z" finished-at="2020-09-06T17:58:31Z">
          <reporter-output>
          </reporter-output>
        </test-method> <!-- tearDown -->
        <test-method status="PASS" signature="setup()[pri:0, instance:zaiservepackage.Logintest@401e7803]" name="setup" is-config="true" duration-ms="8194" started-at="2020-09-06T17:58:31Z" finished-at="2020-09-06T17:58:39Z">
          <reporter-output>
          </reporter-output>
        </test-method> <!-- setup -->
        <test-method status="PASS" signature="test_four()[pri:0, instance:zaiservepackage.Logintest@401e7803]" name="test_four" duration-ms="1219" started-at="2020-09-06T17:58:39Z" finished-at="2020-09-06T17:58:40Z">
          <reporter-output>
          </reporter-output>
        </test-method> <!-- test_four -->
        <test-method status="PASS" signature="tearDown()[pri:0, instance:zaiservepackage.Logintest@401e7803]" name="tearDown" is-config="true" duration-ms="291" started-at="2020-09-06T17:58:40Z" finished-at="2020-09-06T17:58:41Z">
          <reporter-output>
          </reporter-output>
        </test-method> <!-- tearDown -->
        <test-method status="PASS" signature="setup()[pri:0, instance:zaiservepackage.Logintest@401e7803]" name="setup" is-config="true" duration-ms="18707" started-at="2020-09-06T17:58:41Z" finished-at="2020-09-06T17:58:59Z">
          <reporter-output>
          </reporter-output>
        </test-method> <!-- setup -->
        <test-method status="PASS" signature="test_five()[pri:0, instance:zaiservepackage.Logintest@401e7803]" name="test_five" duration-ms="341" started-at="2020-09-06T17:58:59Z" finished-at="2020-09-06T17:59:00Z">
          <reporter-output>
          </reporter-output>
        </test-method> <!-- test_five -->
        <test-method status="PASS" signature="tearDown()[pri:0, instance:zaiservepackage.Logintest@401e7803]" name="tearDown" is-config="true" duration-ms="495" started-at="2020-09-06T17:59:00Z" finished-at="2020-09-06T17:59:00Z">
          <reporter-output>
          </reporter-output>
        </test-method> <!-- tearDown -->
        <test-method status="PASS" signature="setup()[pri:0, instance:zaiservepackage.Logintest@401e7803]" name="setup" is-config="true" duration-ms="11701" started-at="2020-09-06T17:59:00Z" finished-at="2020-09-06T17:59:12Z">
          <reporter-output>
          </reporter-output>
        </test-method> <!-- setup -->
        <test-method status="PASS" signature="test_six()[pri:0, instance:zaiservepackage.Logintest@401e7803]" name="test_six" duration-ms="371" started-at="2020-09-06T17:59:12Z" finished-at="2020-09-06T17:59:12Z">
          <reporter-output>
          </reporter-output>
        </test-method> <!-- test_six -->
        <test-method status="PASS" signature="tearDown()[pri:0, instance:zaiservepackage.Logintest@401e7803]" name="tearDown" is-config="true" duration-ms="87" started-at="2020-09-06T17:59:12Z" finished-at="2020-09-06T17:59:12Z">
          <reporter-output>
          </reporter-output>
        </test-method> <!-- tearDown -->
        <test-method status="PASS" signature="setup()[pri:0, instance:zaiservepackage.Logintest@401e7803]" name="setup" is-config="true" duration-ms="37320" started-at="2020-09-06T17:59:12Z" finished-at="2020-09-06T17:59:50Z">
          <reporter-output>
          </reporter-output>
        </test-method> <!-- setup -->
        <test-method status="PASS" signature="test_eighta()[pri:0, instance:zaiservepackage.Logintest@401e7803]" name="test_eighta" duration-ms="34" started-at="2020-09-06T17:59:50Z" finished-at="2020-09-06T17:59:50Z">
          <reporter-output>
          </reporter-output>
        </test-method> <!-- test_eighta -->
        <test-method status="PASS" signature="tearDown()[pri:0, instance:zaiservepackage.Logintest@401e7803]" name="tearDown" is-config="true" duration-ms="67" started-at="2020-09-06T17:59:50Z" finished-at="2020-09-06T17:59:50Z">
          <reporter-output>
          </reporter-output>
        </test-method> <!-- tearDown -->
        <test-method status="PASS" signature="setup()[pri:0, instance:zaiservepackage.Logintest@401e7803]" name="setup" is-config="true" duration-ms="9304" started-at="2020-09-06T17:59:50Z" finished-at="2020-09-06T17:59:59Z">
          <reporter-output>
          </reporter-output>
        </test-method> <!-- setup -->
        <test-method status="PASS" signature="test_seven()[pri:0, instance:zaiservepackage.Logintest@401e7803]" name="test_seven" duration-ms="355" started-at="2020-09-06T17:59:59Z" finished-at="2020-09-06T17:59:59Z">
          <reporter-output>
          </reporter-output>
        </test-method> <!-- test_seven -->
        <test-method status="PASS" signature="tearDown()[pri:0, instance:zaiservepackage.Logintest@401e7803]" name="tearDown" is-config="true" duration-ms="825" started-at="2020-09-06T17:59:59Z" finished-at="2020-09-06T18:00:00Z">
          <reporter-output>
          </reporter-output>
        </test-method> <!-- tearDown -->
        <test-method status="PASS" signature="setup()[pri:0, instance:zaiservepackage.Logintest@401e7803]" name="setup" is-config="true" duration-ms="9401" started-at="2020-09-06T18:00:00Z" finished-at="2020-09-06T18:00:10Z">
          <reporter-output>
          </reporter-output>
        </test-method> <!-- setup -->
        <test-method status="PASS" signature="test_eight()[pri:0, instance:zaiservepackage.Logintest@401e7803]" name="test_eight" duration-ms="35" started-at="2020-09-06T18:00:10Z" finished-at="2020-09-06T18:00:10Z">
          <reporter-output>
          </reporter-output>
        </test-method> <!-- test_eight -->
        <test-method status="PASS" signature="tearDown()[pri:0, instance:zaiservepackage.Logintest@401e7803]" name="tearDown" is-config="true" duration-ms="72" started-at="2020-09-06T18:00:10Z" finished-at="2020-09-06T18:00:10Z">
          <reporter-output>
          </reporter-output>
        </test-method> <!-- tearDown -->
        <test-method status="PASS" signature="setup()[pri:0, instance:zaiservepackage.Logintest@401e7803]" name="setup" is-config="true" duration-ms="7334" started-at="2020-09-06T18:00:10Z" finished-at="2020-09-06T18:00:17Z">
          <reporter-output>
          </reporter-output>
        </test-method> <!-- setup -->
        <test-method status="PASS" signature="test_nine()[pri:0, instance:zaiservepackage.Logintest@401e7803]" name="test_nine" duration-ms="34" started-at="2020-09-06T18:00:17Z" finished-at="2020-09-06T18:00:17Z">
          <reporter-output>
          </reporter-output>
        </test-method> <!-- test_nine -->
        <test-method status="PASS" signature="tearDown()[pri:0, instance:zaiservepackage.Logintest@401e7803]" name="tearDown" is-config="true" duration-ms="97" started-at="2020-09-06T18:00:17Z" finished-at="2020-09-06T18:00:17Z">
          <reporter-output>
          </reporter-output>
        </test-method> <!-- tearDown -->
        <test-method status="PASS" signature="setup()[pri:0, instance:zaiservepackage.Logintest@401e7803]" name="setup" is-config="true" duration-ms="9182" started-at="2020-09-06T18:00:17Z" finished-at="2020-09-06T18:00:26Z">
          <reporter-output>
          </reporter-output>
        </test-method> <!-- setup -->
        <test-method status="PASS" signature="test_ten()[pri:0, instance:zaiservepackage.Logintest@401e7803]" name="test_ten" duration-ms="53" started-at="2020-09-06T18:00:26Z" finished-at="2020-09-06T18:00:26Z">
          <reporter-output>
          </reporter-output>
        </test-method> <!-- test_ten -->
        <test-method status="PASS" signature="tearDown()[pri:0, instance:zaiservepackage.Logintest@401e7803]" name="tearDown" is-config="true" duration-ms="342" started-at="2020-09-06T18:00:26Z" finished-at="2020-09-06T18:00:27Z">
          <reporter-output>
          </reporter-output>
        </test-method> <!-- tearDown -->
        <test-method status="PASS" signature="setup()[pri:0, instance:zaiservepackage.Logintest@401e7803]" name="setup" is-config="true" duration-ms="18860" started-at="2020-09-06T18:00:27Z" finished-at="2020-09-06T18:00:46Z">
          <reporter-output>
          </reporter-output>
        </test-method> <!-- setup -->
        <test-method status="PASS" signature="test_eleven()[pri:0, instance:zaiservepackage.Logintest@401e7803]" name="test_eleven" duration-ms="54" started-at="2020-09-06T18:00:46Z" finished-at="2020-09-06T18:00:46Z">
          <reporter-output>
          </reporter-output>
        </test-method> <!-- test_eleven -->
        <test-method status="PASS" signature="tearDown()[pri:0, instance:zaiservepackage.Logintest@401e7803]" name="tearDown" is-config="true" duration-ms="86" started-at="2020-09-06T18:00:46Z" finished-at="2020-09-06T18:00:46Z">
          <reporter-output>
          </reporter-output>
        </test-method> <!-- tearDown -->
        <test-method status="PASS" signature="setup()[pri:0, instance:zaiservepackage.Logintest@401e7803]" name="setup" is-config="true" duration-ms="9011" started-at="2020-09-06T18:00:46Z" finished-at="2020-09-06T18:00:55Z">
          <reporter-output>
          </reporter-output>
        </test-method> <!-- setup -->
        <test-method status="PASS" signature="tearDown()[pri:0, instance:zaiservepackage.Logintest@401e7803]" name="tearDown" is-config="true" duration-ms="82" started-at="2020-09-06T18:00:55Z" finished-at="2020-09-06T18:00:55Z">
          <reporter-output>
          </reporter-output>
        </test-method> <!-- tearDown -->
        <test-method status="PASS" signature="test_tweleve()[pri:0, instance:zaiservepackage.Logintest@401e7803]" name="test_tweleve" duration-ms="0" started-at="2020-09-06T18:00:55Z" finished-at="2020-09-06T18:00:55Z">
          <reporter-output>
          </reporter-output>
        </test-method> <!-- test_tweleve -->
        <test-method status="PASS" signature="setup()[pri:0, instance:zaiservepackage.Logintest@401e7803]" name="setup" is-config="true" duration-ms="8408" started-at="2020-09-06T18:00:55Z" finished-at="2020-09-06T18:01:03Z">
          <reporter-output>
          </reporter-output>
        </test-method> <!-- setup -->
        <test-method status="PASS" signature="test_thirteen()[pri:0, instance:zaiservepackage.Logintest@401e7803]" name="test_thirteen" duration-ms="46" started-at="2020-09-06T18:01:03Z" finished-at="2020-09-06T18:01:03Z">
          <reporter-output>
          </reporter-output>
        </test-method> <!-- test_thirteen -->
        <test-method status="PASS" signature="tearDown()[pri:0, instance:zaiservepackage.Logintest@401e7803]" name="tearDown" is-config="true" duration-ms="71" started-at="2020-09-06T18:01:03Z" finished-at="2020-09-06T18:01:03Z">
          <reporter-output>
          </reporter-output>
        </test-method> <!-- tearDown -->
      </class> <!-- zaiservepackage.Logintest -->
    </test> <!-- Test -->
  </suite> <!-- Suite -->
</testng-results>
